0 info it worked if it ends with ok
1 verbose cli [ '/usr/bin/node', '/usr/bin/npm', 'run', 'seeder' ]
2 info using npm@3.5.2
3 info using node@v8.10.0
4 verbose run-script [ 'preseeder', 'seeder', 'postseeder' ]
5 info lifecycle adhere@1.0.0~preseeder: adhere@1.0.0
6 silly lifecycle adhere@1.0.0~preseeder: no script for preseeder, continuing
7 info lifecycle adhere@1.0.0~seeder: adhere@1.0.0
8 verbose lifecycle adhere@1.0.0~seeder: unsafe-perm in lifecycle true
9 verbose lifecycle adhere@1.0.0~seeder: PATH: /usr/share/npm/bin/node-gyp-bin:/home/tripock/tripock/frontend/node_modules/.bin:/usr/local/sbin:/usr/local/bin:/usr/sbin:/usr/bin:/sbin:/bin:/usr/games:/usr/local/games:/snap/bin
10 verbose lifecycle adhere@1.0.0~seeder: CWD: /home/tripock/tripock/frontend
11 silly lifecycle adhere@1.0.0~seeder: Args: [ '-c',
11 silly lifecycle   'node app/seeders/specialitiesSeed.js && node app/seeders/cityCountrySeed.js && node app/seeders/hospitalSeed.js && node app/seeders/productSeed.js && node app/seeders/programSeed.js && node app/seeders/programKeyValueSeed.js && node app/seeders/insuraceProviderSeed.js && node app/seeders/userInviteSeed.js && node app/seeders/questionSeed.js && node app/seeders/surveyTemplate.js  && node app/seeders/specialitiesSeed.js && node app/seeders/charitySeed/charitySeed.js && node app/seeders/charitySeed/charityAdmin.js && node app/seeders/benefitPlanDocument.js' ]
12 silly lifecycle adhere@1.0.0~seeder: Returned: code: 1  signal: null
13 info lifecycle adhere@1.0.0~seeder: Failed to exec seeder script
14 verbose stack Error: adhere@1.0.0 seeder: `node app/seeders/specialitiesSeed.js && node app/seeders/cityCountrySeed.js && node app/seeders/hospitalSeed.js && node app/seeders/productSeed.js && node app/seeders/programSeed.js && node app/seeders/programKeyValueSeed.js && node app/seeders/insuraceProviderSeed.js && node app/seeders/userInviteSeed.js && node app/seeders/questionSeed.js && node app/seeders/surveyTemplate.js  && node app/seeders/specialitiesSeed.js && node app/seeders/charitySeed/charitySeed.js && node app/seeders/charitySeed/charityAdmin.js && node app/seeders/benefitPlanDocument.js`
14 verbose stack Exit status 1
14 verbose stack     at EventEmitter.<anonymous> (/usr/share/npm/lib/utils/lifecycle.js:232:16)
14 verbose stack     at emitTwo (events.js:126:13)
14 verbose stack     at EventEmitter.emit (events.js:214:7)
14 verbose stack     at ChildProcess.<anonymous> (/usr/share/npm/lib/utils/spawn.js:24:14)
14 verbose stack     at emitTwo (events.js:126:13)
14 verbose stack     at ChildProcess.emit (events.js:214:7)
14 verbose stack     at maybeClose (internal/child_process.js:925:16)
14 verbose stack     at Process.ChildProcess._handle.onexit (internal/child_process.js:209:5)
15 verbose pkgid adhere@1.0.0
16 verbose cwd /home/tripock/tripock/frontend
17 error Linux 5.3.0-28-generic
18 error argv "/usr/bin/node" "/usr/bin/npm" "run" "seeder"
19 error node v8.10.0
20 error npm  v3.5.2
21 error code ELIFECYCLE
22 error adhere@1.0.0 seeder: `node app/seeders/specialitiesSeed.js && node app/seeders/cityCountrySeed.js && node app/seeders/hospitalSeed.js && node app/seeders/productSeed.js && node app/seeders/programSeed.js && node app/seeders/programKeyValueSeed.js && node app/seeders/insuraceProviderSeed.js && node app/seeders/userInviteSeed.js && node app/seeders/questionSeed.js && node app/seeders/surveyTemplate.js  && node app/seeders/specialitiesSeed.js && node app/seeders/charitySeed/charitySeed.js && node app/seeders/charitySeed/charityAdmin.js && node app/seeders/benefitPlanDocument.js`
22 error Exit status 1
23 error Failed at the adhere@1.0.0 seeder script 'node app/seeders/specialitiesSeed.js && node app/seeders/cityCountrySeed.js && node app/seeders/hospitalSeed.js && node app/seeders/productSeed.js && node app/seeders/programSeed.js && node app/seeders/programKeyValueSeed.js && node app/seeders/insuraceProviderSeed.js && node app/seeders/userInviteSeed.js && node app/seeders/questionSeed.js && node app/seeders/surveyTemplate.js  && node app/seeders/specialitiesSeed.js && node app/seeders/charitySeed/charitySeed.js && node app/seeders/charitySeed/charityAdmin.js && node app/seeders/benefitPlanDocument.js'.
23 error Make sure you have the latest version of node.js and npm installed.
23 error If you do, this is most likely a problem with the adhere package,
23 error not with npm itself.
23 error Tell the author that this fails on your system:
23 error     node app/seeders/specialitiesSeed.js && node app/seeders/cityCountrySeed.js && node app/seeders/hospitalSeed.js && node app/seeders/productSeed.js && node app/seeders/programSeed.js && node app/seeders/programKeyValueSeed.js && node app/seeders/insuraceProviderSeed.js && node app/seeders/userInviteSeed.js && node app/seeders/questionSeed.js && node app/seeders/surveyTemplate.js  && node app/seeders/specialitiesSeed.js && node app/seeders/charitySeed/charitySeed.js && node app/seeders/charitySeed/charityAdmin.js && node app/seeders/benefitPlanDocument.js
23 error You can get information on how to open an issue for this project with:
23 error     npm bugs adhere
23 error Or if that isn't available, you can get their info via:
23 error     npm owner ls adhere
23 error There is likely additional logging output above.
24 verbose exit [ 1, true ]
